<?xml version="1.0" encoding="utf-8"?><testsuites><testsuite name="pytest" errors="0" failures="0" skipped="0" tests="8" time="0.099" timestamp="2022-12-08T15:15:07.559806" hostname="codespaces-b2a171"><testcase classname="test_advanced" name="test_str_to_bool_true[Y]" time="0.002" /><testcase classname="test_advanced" name="test_str_to_bool_true[y]" time="0.001" /><testcase classname="test_advanced" name="test_str_to_bool_true[1]" time="0.001" /><testcase classname="test_advanced" name="test_str_to_bool_true[YES]" time="0.001" /><testcase classname="test_advanced" name="test_str_to_bool_false[N]" time="0.001" /><testcase classname="test_advanced" name="test_str_to_bool_false[n]" time="0.001" /><testcase classname="test_advanced" name="test_str_to_bool_false[0]" time="0.001" /><testcase classname="test_advanced" name="test_str_to_bool_false[NO]" time="0.001" /></testsuite></testsuites>